<?xml version="1.0" encoding="UTF-8" ?>
<testsuite failures="0" time="30.285" errors="0" skipped="0" tests="2" name="fr.liglab.adele.icasa.zigbee.test.ZigbeeDeviceTest">
  <properties>
[...]
</properties>
  <testcase time="16.717" classname="fr.liglab.adele.icasa.zigbee.test.ZigbeeDeviceTest" name="testDeadlockInBinaryLightDeviceAndIlluminance"/>
  <testcase time="13.151" classname="fr.liglab.adele.icasa.zigbee.test.ZigbeeDeviceTest" name="testDeadlockInHeaterDeviceAndTemperatureModel"/>
</testsuite>